################# LOG OPENED (16:53:38.089) ###################### 
(16:53:38.095) [DBG]: CMD 01 (Test) >>>
(16:53:38.096) [DBG]: CMD 01 (Test) <<< 
(16:53:38.096) [DBG]: CMD 01 (Test) >>>
(16:53:38.098) [DBG]: CMD 01 (Test) <<< 
(16:53:38.098) [DBG]: CMD 02 (FwInfo) >>>
(16:53:38.100) [DBG]: CMD 02 (FwInfo) <<< 
(16:53:38.100) [DBG]: Received data:
   4d 69 6e 69 50 69 78 20 76 31 2e 32 20 28 31 38    |MiniPix.v1.2.(18   
   2e 30 32 2e 32 30 31 36 29 20 20 20 20 20          |.02.2016).....     
(16:53:38.100) [MSG]: Firmware is: MiniPix v1.2 (18.02.2016)     
(16:53:38.101) [DBG]: CMD 12 (GetSysFreq) >>>
(16:53:38.102) [DBG]: CMD 12 (GetSysFreq) <<< 
(16:53:38.102) [DBG]: Received data:
   48                                                 |H                  
(16:53:38.102) [DBG]: CMD 03 (ResetTpx) >>>
(16:53:38.104) [DBG]: CMD 03 (ResetTpx) <<< 
(16:53:38.105) [DBG]: CMD 05 (ChipCount) >>>
(16:53:38.106) [DBG]: CMD 05 (ChipCount) <<< 
(16:53:38.106) [DBG]: Received data:
   01                                                 |.                  
(16:53:38.107) [DBG]: CMD 06 (ReadFSR) >>>
(16:53:38.107) [DBG]: Sent data:
   00 21                                              |.!                 
(16:53:38.109) [DBG]: CMD 06 (ReadFSR) <<< 
(16:53:38.109) [DBG]: Received data:
   ff 00 00 00 00 00 16 f7 10 00 00 00 00 00 00 00    |................   
   00 00 00 00 00 00 00 00 00 00 00 00 00 00 00 00    |................   
   01                                                 |.                  
   Bytes: 33
(16:53:38.110) [DBG]: CMD 0E (SetTpxClock) >>>
(16:53:38.110) [DBG]: Sent data:
   98 96 80                                           |...                
(16:53:38.112) [DBG]: CMD 0E (SetTpxClock) <<< 
