################# LOG OPENED (12:11:15.365) ###################### 
(12:11:15.366) [core]: Loading hw libraries (1)...
(12:11:15.367) [core]: Added hw library minipix.so
(12:11:15.394) [core]: Initializing hwlib minipix.so (1 devices)...
(12:11:15.402) [core]: MiniPIX H06-W0239: No configuration for device MiniPIX-H06-W0239. Default will be used.
(12:11:15.404) [core]: Stack Trace:
1   0x73421468 ./pxcore.so(+0x30468) [0x73421468]
2   0x73420fe8 ./pxcore.so(+0x2ffe8) [0x73420fe8]
3   0x7342c8c8 ./pxcore.so(+0x3b8c8) [0x7342c8c8]
4   0x7344475c ./pxcore.so(+0x5375c) [0x7344475c]
5   0x7343aba0 ./pxcore.so(+0x49ba0) [0x7343aba0]
6   0x7344bc2c ./pxcore.so(+0x5ac2c) [0x7344bc2c]
7   0x7344b76c ./pxcore.so(+0x5a76c) [0x7344b76c]
8   0x7344b2d4 ./pxcore.so(+0x5a2d4) [0x7344b2d4]
9   0x734844b4 ./pxcore.so(+0x934b4) [0x734844b4]
10  0x73485e68 pxInitialize + 44
11  0x769ca850 PixetLoader::initPixet() + 100
12  0x769ca214 /home/pi/Desktop/MiniPIX-RPI-Dosimeter/pypixet.so(+0x2f214) [0x769ca214]


(12:11:15.663) [core]: Loading plugins (0)...
(12:11:19.038) [core]: Cannot write to file "output.pmf" (File too large)
(12:11:21.259) [core]: Cannot write to file "output.pmf" (File too large)
(12:11:23.481) [core]: Cannot write to file "output.pmf" (File too large)
(12:11:25.701) [core]: Cannot write to file "output.pmf" (File too large)
(12:11:27.919) [core]: Cannot write to file "output.pmf" (File too large)
(12:11:30.138) [core]: Cannot write to file "output.pmf" (File too large)
(12:11:32.356) [core]: Cannot write to file "output.pmf" (File too large)
(12:11:34.580) [core]: Cannot write to file "output.pmf" (File too large)
(12:11:36.803) [core]: Cannot write to file "output.pmf" (File too large)
(12:11:39.024) [core]: Cannot write to file "output.pmf" (File too large)
(12:11:41.244) [core]: Cannot write to file "output.pmf" (File too large)
(12:11:43.459) [core]: Cannot write to file "output.pmf" (File too large)
(12:11:45.680) [core]: Cannot write to file "output.pmf" (File too large)
(12:11:47.902) [core]: Cannot write to file "output.pmf" (File too large)
(12:11:50.122) [core]: Cannot write to file "output.pmf" (File too large)
(12:11:52.344) [core]: Cannot write to file "output.pmf" (File too large)
(12:11:54.567) [core]: Cannot write to file "output.pmf" (File too large)
(12:11:56.789) [core]: Cannot write to file "output.pmf" (File too large)
(12:11:59.009) [core]: Cannot write to file "output.pmf" (File too large)
(12:12:01.233) [core]: Cannot write to file "output.pmf" (File too large)
(12:12:03.454) [core]: Cannot write to file "output.pmf" (File too large)
(12:12:05.676) [core]: Cannot write to file "output.pmf" (File too large)
(12:12:07.899) [core]: Cannot write to file "output.pmf" (File too large)
(12:12:10.119) [core]: Cannot write to file "output.pmf" (File too large)
(12:12:12.339) [core]: Cannot write to file "output.pmf" (File too large)
(12:12:14.561) [core]: Cannot write to file "output.pmf" (File too large)
(12:12:16.782) [core]: Cannot write to file "output.pmf" (File too large)
(12:12:18.998) [core]: Cannot write to file "output.pmf" (File too large)
(12:12:21.211) [core]: Cannot write to file "output.pmf" (File too large)
(12:12:23.428) [core]: Cannot write to file "output.pmf" (File too large)
(12:12:25.652) [core]: Cannot write to file "output.pmf" (File too large)
(12:12:27.875) [core]: Cannot write to file "output.pmf" (File too large)
(12:12:30.094) [core]: Cannot write to file "output.pmf" (File too large)
(12:12:32.316) [core]: Cannot write to file "output.pmf" (File too large)
(12:12:34.538) [core]: Cannot write to file "output.pmf" (File too large)
(12:12:36.759) [core]: Cannot write to file "output.pmf" (File too large)
(12:12:38.980) [core]: Cannot write to file "output.pmf" (File too large)
(12:12:41.198) [core]: Cannot write to file "output.pmf" (File too large)
(12:12:43.419) [core]: Cannot write to file "output.pmf" (File too large)
(12:12:45.639) [core]: Cannot write to file "output.pmf" (File too large)
(12:12:47.860) [core]: Cannot write to file "output.pmf" (File too large)
(12:12:50.078) [core]: Cannot write to file "output.pmf" (File too large)
(12:12:52.303) [core]: Cannot write to file "output.pmf" (File too large)
(12:12:54.523) [core]: Cannot write to file "output.pmf" (File too large)
(12:12:56.743) [core]: Cannot write to file "output.pmf" (File too large)
(12:12:58.964) [core]: Cannot write to file "output.pmf" (File too large)
(12:13:01.183) [core]: Cannot write to file "output.pmf" (File too large)
(12:13:03.405) [core]: Cannot write to file "output.pmf" (File too large)
(12:13:05.626) [core]: Cannot write to file "output.pmf" (File too large)
(12:13:07.844) [core]: Cannot write to file "output.pmf" (File too large)
(12:13:10.063) [core]: Cannot write to file "output.pmf" (File too large)
(12:13:12.286) [core]: Cannot write to file "output.pmf" (File too large)
(12:13:14.501) [core]: Cannot write to file "output.pmf" (File too large)
(12:13:16.720) [core]: Cannot write to file "output.pmf" (File too large)
(12:13:18.942) [core]: Cannot write to file "output.pmf" (File too large)
(12:13:21.162) [core]: Cannot write to file "output.pmf" (File too large)
(12:13:23.377) [core]: Cannot write to file "output.pmf" (File too large)
(12:13:25.592) [core]: Cannot write to file "output.pmf" (File too large)
(12:13:27.814) [core]: Cannot write to file "output.pmf" (File too large)
(12:13:30.032) [core]: Cannot write to file "output.pmf" (File too large)
(12:13:32.252) [core]: Cannot write to file "output.pmf" (File too large)
(12:13:34.476) [core]: Cannot write to file "output.pmf" (File too large)
(12:13:36.697) [core]: Cannot write to file "output.pmf" (File too large)
(12:13:38.921) [core]: Cannot write to file "output.pmf" (File too large)
(12:13:41.139) [core]: Cannot write to file "output.pmf" (File too large)
(12:13:43.361) [core]: Cannot write to file "output.pmf" (File too large)
(12:13:45.582) [core]: Cannot write to file "output.pmf" (File too large)
(12:13:47.806) [core]: Cannot write to file "output.pmf" (File too large)
(12:13:50.024) [core]: Cannot write to file "output.pmf" (File too large)
(12:13:52.247) [core]: Cannot write to file "output.pmf" (File too large)
(12:13:54.462) [core]: Cannot write to file "output.pmf" (File too large)
(12:13:56.682) [core]: Cannot write to file "output.pmf" (File too large)
(12:13:58.897) [core]: Cannot write to file "output.pmf" (File too large)
(12:14:01.112) [core]: Cannot write to file "output.pmf" (File too large)
(12:14:03.334) [core]: Cannot write to file "output.pmf" (File too large)
(12:14:05.557) [core]: Cannot write to file "output.pmf" (File too large)
(12:14:07.777) [core]: Cannot write to file "output.pmf" (File too large)
(12:14:09.998) [core]: Cannot write to file "output.pmf" (File too large)
(12:14:12.218) [core]: Cannot write to file "output.pmf" (File too large)
(12:14:14.438) [core]: Cannot write to file "output.pmf" (File too large)
(12:14:16.726) [core]: Cannot write to file "output.pmf" (File too large)
(12:14:18.948) [core]: Cannot write to file "output.pmf" (File too large)
(12:14:21.164) [core]: Cannot write to file "output.pmf" (File too large)
(12:14:23.385) [core]: Cannot write to file "output.pmf" (File too large)
(12:14:25.605) [core]: Cannot write to file "output.pmf" (File too large)
(12:14:27.819) [core]: Cannot write to file "output.pmf" (File too large)
(12:14:30.030) [core]: Cannot write to file "output.pmf" (File too large)
(12:14:32.245) [core]: Cannot write to file "output.pmf" (File too large)
(12:14:34.468) [core]: Cannot write to file "output.pmf" (File too large)
(12:14:36.687) [core]: Cannot write to file "output.pmf" (File too large)
(12:14:38.908) [core]: Cannot write to file "output.pmf" (File too large)
(12:14:41.125) [core]: Cannot write to file "output.pmf" (File too large)
(12:14:43.342) [core]: Cannot write to file "output.pmf" (File too large)
(12:14:45.558) [core]: Cannot write to file "output.pmf" (File too large)
(12:14:47.773) [core]: Cannot write to file "output.pmf" (File too large)
(12:14:49.994) [core]: Cannot write to file "output.pmf" (File too large)
(12:14:52.212) [core]: Cannot write to file "output.pmf" (File too large)
(12:14:54.427) [core]: Cannot write to file "output.pmf" (File too large)
(12:14:56.644) [core]: Cannot write to file "output.pmf" (File too large)
(12:14:58.863) [core]: Cannot write to file "output.pmf" (File too large)
(12:15:01.085) [core]: Cannot write to file "output.pmf" (File too large)
(12:15:03.369) [core]: Cannot write to file "output.pmf" (File too large)
(12:15:05.600) [core]: Cannot write to file "output.pmf" (File too large)
(12:15:07.814) [core]: Cannot write to file "output.pmf" (File too large)
(12:15:10.027) [core]: Cannot write to file "output.pmf" (File too large)
(12:15:12.245) [core]: Cannot write to file "output.pmf" (File too large)
(12:15:14.465) [core]: Cannot write to file "output.pmf" (File too large)
(12:15:16.681) [core]: Cannot write to file "output.pmf" (File too large)
(12:15:18.900) [core]: Cannot write to file "output.pmf" (File too large)
(12:15:21.118) [core]: Cannot write to file "output.pmf" (File too large)
(12:15:23.335) [core]: Cannot write to file "output.pmf" (File too large)
(12:15:25.553) [core]: Cannot write to file "output.pmf" (File too large)
(12:15:27.770) [core]: Cannot write to file "output.pmf" (File too large)
(12:15:29.986) [core]: Cannot write to file "output.pmf" (File too large)
(12:15:32.198) [core]: Cannot write to file "output.pmf" (File too large)
(12:15:34.418) [core]: Cannot write to file "output.pmf" (File too large)
(12:15:36.634) [core]: Cannot write to file "output.pmf" (File too large)
(12:15:38.851) [core]: Cannot write to file "output.pmf" (File too large)
(12:15:41.063) [core]: Cannot write to file "output.pmf" (File too large)
(12:15:43.281) [core]: Cannot write to file "output.pmf" (File too large)
(12:15:45.497) [core]: Cannot write to file "output.pmf" (File too large)
(12:15:47.715) [core]: Cannot write to file "output.pmf" (File too large)
(12:15:49.933) [core]: Cannot write to file "output.pmf" (File too large)
(12:15:52.151) [core]: Cannot write to file "output.pmf" (File too large)
(12:15:54.367) [core]: Cannot write to file "output.pmf" (File too large)
(12:15:56.582) [core]: Cannot write to file "output.pmf" (File too large)
(12:15:58.800) [core]: Cannot write to file "output.pmf" (File too large)
(12:16:01.017) [core]: Cannot write to file "output.pmf" (File too large)
(12:16:03.234) [core]: Cannot write to file "output.pmf" (File too large)
(12:16:05.450) [core]: Cannot write to file "output.pmf" (File too large)
(12:16:07.670) [core]: Cannot write to file "output.pmf" (File too large)
(12:16:09.888) [core]: Cannot write to file "output.pmf" (File too large)
(12:16:12.100) [core]: Cannot write to file "output.pmf" (File too large)
(12:16:14.317) [core]: Cannot write to file "output.pmf" (File too large)
(12:16:16.532) [core]: Cannot write to file "output.pmf" (File too large)
(12:16:18.747) [core]: Cannot write to file "output.pmf" (File too large)
(12:16:20.970) [core]: Cannot write to file "output.pmf" (File too large)
(12:16:23.190) [core]: Cannot write to file "output.pmf" (File too large)
(12:16:25.411) [core]: Cannot write to file "output.pmf" (File too large)
(12:16:27.632) [core]: Cannot write to file "output.pmf" (File too large)
(12:16:29.853) [core]: Cannot write to file "output.pmf" (File too large)
(12:16:32.067) [core]: Cannot write to file "output.pmf" (File too large)
(12:16:34.283) [core]: Cannot write to file "output.pmf" (File too large)
(12:16:36.499) [core]: Cannot write to file "output.pmf" (File too large)
(12:16:38.715) [core]: Cannot write to file "output.pmf" (File too large)
(12:16:40.932) [core]: Cannot write to file "output.pmf" (File too large)
(12:16:43.145) [core]: Cannot write to file "output.pmf" (File too large)
(12:16:45.360) [core]: Cannot write to file "output.pmf" (File too large)
(12:16:47.575) [core]: Cannot write to file "output.pmf" (File too large)
(12:16:49.795) [core]: Cannot write to file "output.pmf" (File too large)
(12:16:52.017) [core]: Cannot write to file "output.pmf" (File too large)
(12:16:54.242) [core]: Cannot write to file "output.pmf" (File too large)
(12:16:56.464) [core]: Cannot write to file "output.pmf" (File too large)
(12:16:58.689) [core]: Cannot write to file "output.pmf" (File too large)
(12:17:00.904) [core]: Cannot write to file "output.pmf" (File too large)
(12:17:03.124) [core]: Cannot write to file "output.pmf" (File too large)
(12:17:05.340) [core]: Cannot write to file "output.pmf" (File too large)
(12:17:07.558) [core]: Cannot write to file "output.pmf" (File too large)
(12:17:09.773) [core]: Cannot write to file "output.pmf" (File too large)
(12:17:11.988) [core]: Cannot write to file "output.pmf" (File too large)
(12:17:14.202) [core]: Cannot write to file "output.pmf" (File too large)
(12:17:16.417) [core]: Cannot write to file "output.pmf" (File too large)
(12:17:18.632) [core]: Cannot write to file "output.pmf" (File too large)
(12:17:20.847) [core]: Cannot write to file "output.pmf" (File too large)
(12:17:23.060) [core]: Cannot write to file "output.pmf" (File too large)
(12:17:25.278) [core]: Cannot write to file "output.pmf" (File too large)
(12:17:27.493) [core]: Cannot write to file "output.pmf" (File too large)
(12:17:29.709) [core]: Cannot write to file "output.pmf" (File too large)
(12:17:31.929) [core]: Cannot write to file "output.pmf" (File too large)
(12:17:34.143) [core]: Cannot write to file "output.pmf" (File too large)
(12:17:36.359) [core]: Cannot write to file "output.pmf" (File too large)
(12:17:38.581) [core]: Cannot write to file "output.pmf" (File too large)
(12:17:40.801) [core]: Cannot write to file "output.pmf" (File too large)
(12:17:43.023) [core]: Cannot write to file "output.pmf" (File too large)
(12:17:45.243) [core]: Cannot write to file "output.pmf" (File too large)
(12:17:47.465) [core]: Cannot write to file "output.pmf" (File too large)
(12:17:49.686) [core]: Cannot write to file "output.pmf" (File too large)
(12:17:51.900) [core]: Cannot write to file "output.pmf" (File too large)
(12:17:54.113) [core]: Cannot write to file "output.pmf" (File too large)
(12:17:56.329) [core]: Cannot write to file "output.pmf" (File too large)
(12:17:58.551) [core]: Cannot write to file "output.pmf" (File too large)
(12:18:00.770) [core]: Cannot write to file "output.pmf" (File too large)
(12:18:02.992) [core]: Cannot write to file "output.pmf" (File too large)
(12:18:05.211) [core]: Cannot write to file "output.pmf" (File too large)
(12:18:07.432) [core]: Cannot write to file "output.pmf" (File too large)
(12:18:09.658) [core]: Cannot write to file "output.pmf" (File too large)
(12:18:11.937) [core]: Cannot write to file "output.pmf" (File too large)
(12:18:14.170) [core]: Cannot write to file "output.pmf" (File too large)
(12:18:16.454) [core]: Cannot write to file "output.pmf" (File too large)
(12:18:18.673) [core]: Cannot write to file "output.pmf" (File too large)
(12:18:20.886) [core]: Cannot write to file "output.pmf" (File too large)
(12:18:23.098) [core]: Cannot write to file "output.pmf" (File too large)
(12:18:25.312) [core]: Cannot write to file "output.pmf" (File too large)
(12:18:27.534) [core]: Cannot write to file "output.pmf" (File too large)
(12:18:29.751) [core]: Cannot write to file "output.pmf" (File too large)
(12:18:31.972) [core]: Cannot write to file "output.pmf" (File too large)
(12:18:34.183) [core]: Cannot write to file "output.pmf" (File too large)
(12:18:36.398) [core]: Cannot write to file "output.pmf" (File too large)
(12:18:38.674) [core]: Cannot write to file "output.pmf" (File too large)
(12:18:40.889) [core]: Cannot write to file "output.pmf" (File too large)
(12:18:43.106) [core]: Cannot write to file "output.pmf" (File too large)
(12:18:45.322) [core]: Cannot write to file "output.pmf" (File too large)
(12:18:47.539) [core]: Cannot write to file "output.pmf" (File too large)
(12:18:49.761) [core]: Cannot write to file "output.pmf" (File too large)
(12:18:51.983) [core]: Cannot write to file "output.pmf" (File too large)
(12:18:54.196) [core]: Cannot write to file "output.pmf" (File too large)
(12:18:56.412) [core]: Cannot write to file "output.pmf" (File too large)
(12:18:58.634) [core]: Cannot write to file "output.pmf" (File too large)
(12:19:00.853) [core]: Cannot write to file "output.pmf" (File too large)
(12:19:03.067) [core]: Cannot write to file "output.pmf" (File too large)
(12:19:05.288) [core]: Cannot write to file "output.pmf" (File too large)
(12:19:07.509) [core]: Cannot write to file "output.pmf" (File too large)
(12:19:09.729) [core]: Cannot write to file "output.pmf" (File too large)
(12:19:11.952) [core]: Cannot write to file "output.pmf" (File too large)
(12:19:14.169) [core]: Cannot write to file "output.pmf" (File too large)
(12:19:16.392) [core]: Cannot write to file "output.pmf" (File too large)
(12:19:18.612) [core]: Cannot write to file "output.pmf" (File too large)
(12:19:20.834) [core]: Cannot write to file "output.pmf" (File too large)
(12:19:23.053) [core]: Cannot write to file "output.pmf" (File too large)
(12:19:25.268) [core]: Cannot write to file "output.pmf" (File too large)
(12:19:27.490) [core]: Cannot write to file "output.pmf" (File too large)
(12:19:29.708) [core]: Cannot write to file "output.pmf" (File too large)
(12:19:31.926) [core]: Cannot write to file "output.pmf" (File too large)
(12:19:34.140) [core]: Cannot write to file "output.pmf" (File too large)
(12:19:36.358) [core]: Cannot write to file "output.pmf" (File too large)
(12:19:38.575) [core]: Cannot write to file "output.pmf" (File too large)
(12:19:40.795) [core]: Cannot write to file "output.pmf" (File too large)
(12:19:43.011) [core]: Cannot write to file "output.pmf" (File too large)
(12:19:45.224) [core]: Cannot write to file "output.pmf" (File too large)
(12:19:47.438) [core]: Cannot write to file "output.pmf" (File too large)
(12:19:49.655) [core]: Cannot write to file "output.pmf" (File too large)
(12:19:51.869) [core]: Cannot write to file "output.pmf" (File too large)
(12:19:54.082) [core]: Cannot write to file "output.pmf" (File too large)
(12:19:56.297) [core]: Cannot write to file "output.pmf" (File too large)
(12:19:58.513) [core]: Cannot write to file "output.pmf" (File too large)
(12:20:00.728) [core]: Cannot write to file "output.pmf" (File too large)
(12:20:02.951) [core]: Cannot write to file "output.pmf" (File too large)
(12:20:05.165) [core]: Cannot write to file "output.pmf" (File too large)
(12:20:07.380) [core]: Cannot write to file "output.pmf" (File too large)
(12:20:09.596) [core]: Cannot write to file "output.pmf" (File too large)
(12:20:11.810) [core]: Cannot write to file "output.pmf" (File too large)
(12:20:14.024) [core]: Cannot write to file "output.pmf" (File too large)
(12:20:16.239) [core]: Cannot write to file "output.pmf" (File too large)
(12:20:18.454) [core]: Cannot write to file "output.pmf" (File too large)
(12:20:20.668) [core]: Cannot write to file "output.pmf" (File too large)
(12:20:22.884) [core]: Cannot write to file "output.pmf" (File too large)
(12:20:25.097) [core]: Cannot write to file "output.pmf" (File too large)
(12:20:27.314) [core]: Cannot write to file "output.pmf" (File too large)
(12:20:29.531) [core]: Cannot write to file "output.pmf" (File too large)
(12:20:31.752) [core]: Cannot write to file "output.pmf" (File too large)
(12:20:33.968) [core]: Cannot write to file "output.pmf" (File too large)
(12:20:36.184) [core]: Cannot write to file "output.pmf" (File too large)
(12:20:38.400) [core]: Cannot write to file "output.pmf" (File too large)
(12:20:40.618) [core]: Cannot write to file "output.pmf" (File too large)
(12:20:42.834) [core]: Cannot write to file "output.pmf" (File too large)
(12:20:45.052) [core]: Cannot write to file "output.pmf" (File too large)
(12:20:47.272) [core]: Cannot write to file "output.pmf" (File too large)
(12:20:49.488) [core]: Cannot write to file "output.pmf" (File too large)
(12:20:51.704) [core]: Cannot write to file "output.pmf" (File too large)
(12:20:53.920) [core]: Cannot write to file "output.pmf" (File too large)
(12:20:56.138) [core]: Cannot write to file "output.pmf" (File too large)
(12:20:58.357) [core]: Cannot write to file "output.pmf" (File too large)
(12:21:00.571) [core]: Cannot write to file "output.pmf" (File too large)
(12:21:02.791) [core]: Cannot write to file "output.pmf" (File too large)
(12:21:05.007) [core]: Cannot write to file "output.pmf" (File too large)
(12:21:07.224) [core]: Cannot write to file "output.pmf" (File too large)
(12:21:09.440) [core]: Cannot write to file "output.pmf" (File too large)
(12:21:11.658) [core]: Cannot write to file "output.pmf" (File too large)
(12:21:13.873) [core]: Cannot write to file "output.pmf" (File too large)
(12:21:16.087) [core]: Cannot write to file "output.pmf" (File too large)
(12:21:18.303) [core]: Cannot write to file "output.pmf" (File too large)
(12:21:20.518) [core]: Cannot write to file "output.pmf" (File too large)
(12:21:22.733) [core]: Cannot write to file "output.pmf" (File too large)
(12:21:24.949) [core]: Cannot write to file "output.pmf" (File too large)
(12:21:27.168) [core]: Cannot write to file "output.pmf" (File too large)
(12:21:29.383) [core]: Cannot write to file "output.pmf" (File too large)
(12:21:31.598) [core]: Cannot write to file "output.pmf" (File too large)
(12:21:33.813) [core]: Cannot write to file "output.pmf" (File too large)
(12:21:36.031) [core]: Cannot write to file "output.pmf" (File too large)
(12:21:38.246) [core]: Cannot write to file "output.pmf" (File too large)
(12:21:40.462) [core]: Cannot write to file "output.pmf" (File too large)
(12:21:42.682) [core]: Cannot write to file "output.pmf" (File too large)
(12:21:44.901) [core]: Cannot write to file "output.pmf" (File too large)
(12:21:47.122) [core]: Cannot write to file "output.pmf" (File too large)
(12:21:49.337) [core]: Cannot write to file "output.pmf" (File too large)
(12:21:51.552) [core]: Cannot write to file "output.pmf" (File too large)
(12:21:53.773) [core]: Cannot write to file "output.pmf" (File too large)
(12:21:55.998) [core]: Cannot write to file "output.pmf" (File too large)
(12:21:58.219) [core]: Cannot write to file "output.pmf" (File too large)
(12:22:00.435) [core]: Cannot write to file "output.pmf" (File too large)
(12:22:02.650) [core]: Cannot write to file "output.pmf" (File too large)
(12:22:04.866) [core]: Cannot write to file "output.pmf" (File too large)
(12:22:07.082) [core]: Cannot write to file "output.pmf" (File too large)
(12:22:09.297) [core]: Cannot write to file "output.pmf" (File too large)
(12:22:11.520) [core]: Cannot write to file "output.pmf" (File too large)
(12:22:13.742) [core]: Cannot write to file "output.pmf" (File too large)
(12:22:15.955) [core]: Cannot write to file "output.pmf" (File too large)
(12:22:18.168) [core]: Cannot write to file "output.pmf" (File too large)
(12:22:20.383) [core]: Cannot write to file "output.pmf" (File too large)
(12:22:22.598) [core]: Cannot write to file "output.pmf" (File too large)
(12:22:24.814) [core]: Cannot write to file "output.pmf" (File too large)
(12:22:27.035) [core]: Cannot write to file "output.pmf" (File too large)
(12:22:29.253) [core]: Cannot write to file "output.pmf" (File too large)
(12:22:31.466) [core]: Cannot write to file "output.pmf" (File too large)
(12:22:33.681) [core]: Cannot write to file "output.pmf" (File too large)
(12:22:35.896) [core]: Cannot write to file "output.pmf" (File too large)
(12:22:38.116) [core]: Cannot write to file "output.pmf" (File too large)
(12:22:40.346) [core]: Cannot write to file "output.pmf" (File too large)
(12:22:42.566) [core]: Cannot write to file "output.pmf" (File too large)
(12:22:44.790) [core]: Cannot write to file "output.pmf" (File too large)
(12:22:47.010) [core]: Cannot write to file "output.pmf" (File too large)
(12:22:49.237) [core]: Cannot write to file "output.pmf" (File too large)
(12:22:51.460) [core]: Cannot write to file "output.pmf" (File too large)
(12:22:53.683) [core]: Cannot write to file "output.pmf" (File too large)
(12:22:55.910) [core]: Cannot write to file "output.pmf" (File too large)
(12:22:58.133) [core]: Cannot write to file "output.pmf" (File too large)
(12:23:00.355) [core]: Cannot write to file "output.pmf" (File too large)
(12:23:02.577) [core]: Cannot write to file "output.pmf" (File too large)
(12:23:04.800) [core]: Cannot write to file "output.pmf" (File too large)
(12:23:07.021) [core]: Cannot write to file "output.pmf" (File too large)
(12:23:09.241) [core]: Cannot write to file "output.pmf" (File too large)
(12:23:11.466) [core]: Cannot write to file "output.pmf" (File too large)
(12:23:13.685) [core]: Cannot write to file "output.pmf" (File too large)
(12:23:15.907) [core]: Cannot write to file "output.pmf" (File too large)
(12:23:18.125) [core]: Cannot write to file "output.pmf" (File too large)
(12:23:20.348) [core]: Cannot write to file "output.pmf" (File too large)
(12:23:22.572) [core]: Cannot write to file "output.pmf" (File too large)
(12:23:24.798) [core]: Cannot write to file "output.pmf" (File too large)
(12:23:27.021) [core]: Cannot write to file "output.pmf" (File too large)
(12:23:29.242) [core]: Cannot write to file "output.pmf" (File too large)
(12:23:31.464) [core]: Cannot write to file "output.pmf" (File too large)
(12:23:33.685) [core]: Cannot write to file "output.pmf" (File too large)
(12:23:35.905) [core]: Cannot write to file "output.pmf" (File too large)
(12:23:38.127) [core]: Cannot write to file "output.pmf" (File too large)
(12:23:40.349) [core]: Cannot write to file "output.pmf" (File too large)
(12:23:42.571) [core]: Cannot write to file "output.pmf" (File too large)
(12:23:44.793) [core]: Cannot write to file "output.pmf" (File too large)
(12:23:47.014) [core]: Cannot write to file "output.pmf" (File too large)
(12:23:49.237) [core]: Cannot write to file "output.pmf" (File too large)
(12:23:51.458) [core]: Cannot write to file "output.pmf" (File too large)
(12:23:53.679) [core]: Cannot write to file "output.pmf" (File too large)
(12:23:55.902) [core]: Cannot write to file "output.pmf" (File too large)
(12:23:58.120) [core]: Cannot write to file "output.pmf" (File too large)
(12:24:00.341) [core]: Cannot write to file "output.pmf" (File too large)
(12:24:02.564) [core]: Cannot write to file "output.pmf" (File too large)
(12:24:04.785) [core]: Cannot write to file "output.pmf" (File too large)
(12:24:07.007) [core]: Cannot write to file "output.pmf" (File too large)
(12:24:09.229) [core]: Cannot write to file "output.pmf" (File too large)
(12:24:11.451) [core]: Cannot write to file "output.pmf" (File too large)
(12:24:13.671) [core]: Cannot write to file "output.pmf" (File too large)
(12:24:15.894) [core]: Cannot write to file "output.pmf" (File too large)
(12:24:18.113) [core]: Cannot write to file "output.pmf" (File too large)
(12:24:20.336) [core]: Cannot write to file "output.pmf" (File too large)
(12:24:22.558) [core]: Cannot write to file "output.pmf" (File too large)
(12:24:24.780) [core]: Cannot write to file "output.pmf" (File too large)
(12:24:27.002) [core]: Cannot write to file "output.pmf" (File too large)
(12:24:29.224) [core]: Cannot write to file "output.pmf" (File too large)
(12:24:31.446) [core]: Cannot write to file "output.pmf" (File too large)
(12:24:33.669) [core]: Cannot write to file "output.pmf" (File too large)
(12:24:35.890) [core]: Cannot write to file "output.pmf" (File too large)
(12:24:38.111) [core]: Cannot write to file "output.pmf" (File too large)
(12:24:40.336) [core]: Cannot write to file "output.pmf" (File too large)
(12:24:42.559) [core]: Cannot write to file "output.pmf" (File too large)
(12:24:44.783) [core]: Cannot write to file "output.pmf" (File too large)
(12:24:47.007) [core]: Cannot write to file "output.pmf" (File too large)
(12:24:49.229) [core]: Cannot write to file "output.pmf" (File too large)
(12:24:51.456) [core]: Cannot write to file "output.pmf" (File too large)
(12:24:53.677) [core]: Cannot write to file "output.pmf" (File too large)
(12:24:55.898) [core]: Cannot write to file "output.pmf" (File too large)
(12:24:58.120) [core]: Cannot write to file "output.pmf" (File too large)
(12:25:00.342) [core]: Cannot write to file "output.pmf" (File too large)
(12:25:02.565) [core]: Cannot write to file "output.pmf" (File too large)
(12:25:04.786) [core]: Cannot write to file "output.pmf" (File too large)
(12:25:07.006) [core]: Cannot write to file "output.pmf" (File too large)
(12:25:09.229) [core]: Cannot write to file "output.pmf" (File too large)
(12:25:11.448) [core]: Cannot write to file "output.pmf" (File too large)
(12:25:13.669) [core]: Cannot write to file "output.pmf" (File too large)
(12:25:15.892) [core]: Cannot write to file "output.pmf" (File too large)
(12:25:18.110) [core]: Cannot write to file "output.pmf" (File too large)
(12:25:20.332) [core]: Cannot write to file "output.pmf" (File too large)
(12:25:22.555) [core]: Cannot write to file "output.pmf" (File too large)
(12:25:24.780) [core]: Cannot write to file "output.pmf" (File too large)
(12:25:27.005) [core]: Cannot write to file "output.pmf" (File too large)
(12:25:29.226) [core]: Cannot write to file "output.pmf" (File too large)
(12:25:31.447) [core]: Cannot write to file "output.pmf" (File too large)
(12:25:33.670) [core]: Cannot write to file "output.pmf" (File too large)
(12:25:35.919) [core]: Cannot write to file "output.pmf" (File too large)
(12:25:38.195) [core]: Cannot write to file "output.pmf" (File too large)
(12:25:40.416) [core]: Cannot write to file "output.pmf" (File too large)
(12:25:42.637) [core]: Cannot write to file "output.pmf" (File too large)
(12:25:44.857) [core]: Cannot write to file "output.pmf" (File too large)
(12:25:47.080) [core]: Cannot write to file "output.pmf" (File too large)
(12:25:49.302) [core]: Cannot write to file "output.pmf" (File too large)
(12:25:51.523) [core]: Cannot write to file "output.pmf" (File too large)
(12:25:53.748) [core]: Cannot write to file "output.pmf" (File too large)
(12:25:55.969) [core]: Cannot write to file "output.pmf" (File too large)
(12:25:58.190) [core]: Cannot write to file "output.pmf" (File too large)
(12:26:00.413) [core]: Cannot write to file "output.pmf" (File too large)
(12:26:02.635) [core]: Cannot write to file "output.pmf" (File too large)
(12:26:04.857) [core]: Cannot write to file "output.pmf" (File too large)
(12:26:07.077) [core]: Cannot write to file "output.pmf" (File too large)
(12:26:09.298) [core]: Cannot write to file "output.pmf" (File too large)
(12:26:11.519) [core]: Cannot write to file "output.pmf" (File too large)
(12:26:13.743) [core]: Cannot write to file "output.pmf" (File too large)
(12:26:15.961) [core]: Cannot write to file "output.pmf" (File too large)
(12:26:18.183) [core]: Cannot write to file "output.pmf" (File too large)
(12:26:20.405) [core]: Cannot write to file "output.pmf" (File too large)
(12:26:22.627) [core]: Cannot write to file "output.pmf" (File too large)
(12:26:24.848) [core]: Cannot write to file "output.pmf" (File too large)
(12:26:27.068) [core]: Cannot write to file "output.pmf" (File too large)
(12:26:29.293) [core]: Cannot write to file "output.pmf" (File too large)
(12:26:31.514) [core]: Cannot write to file "output.pmf" (File too large)
(12:26:33.736) [core]: Cannot write to file "output.pmf" (File too large)
(12:26:35.960) [core]: Cannot write to file "output.pmf" (File too large)
(12:26:38.177) [core]: Cannot write to file "output.pmf" (File too large)
(12:26:40.399) [core]: Cannot write to file "output.pmf" (File too large)
(12:26:42.620) [core]: Cannot write to file "output.pmf" (File too large)
(12:26:44.842) [core]: Cannot write to file "output.pmf" (File too large)
(12:26:47.059) [core]: Cannot write to file "output.pmf" (File too large)
(12:26:49.283) [core]: Cannot write to file "output.pmf" (File too large)
(12:26:51.504) [core]: Cannot write to file "output.pmf" (File too large)
(12:26:53.726) [core]: Cannot write to file "output.pmf" (File too large)
(12:26:55.950) [core]: Cannot write to file "output.pmf" (File too large)
(12:26:58.170) [core]: Cannot write to file "output.pmf" (File too large)
(12:27:00.393) [core]: Cannot write to file "output.pmf" (File too large)
(12:27:02.616) [core]: Cannot write to file "output.pmf" (File too large)
(12:27:04.888) [core]: Cannot write to file "output.pmf" (File too large)
(12:27:07.109) [core]: Cannot write to file "output.pmf" (File too large)
(12:27:09.336) [core]: Cannot write to file "output.pmf" (File too large)
(12:27:11.554) [core]: Cannot write to file "output.pmf" (File too large)
(12:27:13.781) [core]: Cannot write to file "output.pmf" (File too large)
(12:27:16.000) [core]: Cannot write to file "output.pmf" (File too large)
(12:27:18.224) [core]: Cannot write to file "output.pmf" (File too large)
(12:27:20.446) [core]: Cannot write to file "output.pmf" (File too large)
(12:27:22.668) [core]: Cannot write to file "output.pmf" (File too large)
(12:27:24.918) [core]: Cannot write to file "output.pmf" (File too large)
(12:27:27.145) [core]: Cannot write to file "output.pmf" (File too large)
(12:27:29.369) [core]: Cannot write to file "output.pmf" (File too large)
(12:27:31.591) [core]: Cannot write to file "output.pmf" (File too large)
(12:27:33.815) [core]: Cannot write to file "output.pmf" (File too large)
(12:27:36.030) [core]: Cannot write to file "output.pmf" (File too large)
(12:27:38.251) [core]: Cannot write to file "output.pmf" (File too large)
(12:27:40.470) [core]: Cannot write to file "output.pmf" (File too large)
(12:27:42.686) [core]: Cannot write to file "output.pmf" (File too large)
(12:27:44.908) [core]: Cannot write to file "output.pmf" (File too large)
(12:27:47.123) [core]: Cannot write to file "output.pmf" (File too large)
(12:27:49.337) [core]: Cannot write to file "output.pmf" (File too large)
(12:27:51.557) [core]: Cannot write to file "output.pmf" (File too large)
(12:27:53.773) [core]: Cannot write to file "output.pmf" (File too large)
(12:27:56.006) [core]: Cannot write to file "output.pmf" (File too large)
(12:27:58.280) [core]: Cannot write to file "output.pmf" (File too large)
(12:28:00.498) [core]: Cannot write to file "output.pmf" (File too large)
(12:28:02.712) [core]: Cannot write to file "output.pmf" (File too large)
(12:28:04.928) [core]: Cannot write to file "output.pmf" (File too large)
(12:28:07.142) [core]: Cannot write to file "output.pmf" (File too large)
(12:28:09.358) [core]: Cannot write to file "output.pmf" (File too large)
(12:28:11.574) [core]: Cannot write to file "output.pmf" (File too large)
(12:28:13.790) [core]: Cannot write to file "output.pmf" (File too large)
(12:28:16.010) [core]: Cannot write to file "output.pmf" (File too large)
(12:28:18.226) [core]: Cannot write to file "output.pmf" (File too large)
(12:28:20.447) [core]: Cannot write to file "output.pmf" (File too large)
(12:28:22.668) [core]: Cannot write to file "output.pmf" (File too large)
(12:28:24.891) [core]: Cannot write to file "output.pmf" (File too large)
(12:28:27.113) [core]: Cannot write to file "output.pmf" (File too large)
(12:28:29.336) [core]: Cannot write to file "output.pmf" (File too large)
(12:28:31.559) [core]: Cannot write to file "output.pmf" (File too large)
(12:28:33.780) [core]: Cannot write to file "output.pmf" (File too large)
(12:28:36.061) [core]: Cannot write to file "output.pmf" (File too large)
(12:28:38.282) [core]: Cannot write to file "output.pmf" (File too large)
(12:28:40.504) [core]: Cannot write to file "output.pmf" (File too large)
(12:28:42.726) [core]: Cannot write to file "output.pmf" (File too large)
(12:28:44.947) [core]: Cannot write to file "output.pmf" (File too large)
(12:28:47.167) [core]: Cannot write to file "output.pmf" (File too large)
(12:28:49.393) [core]: Cannot write to file "output.pmf" (File too large)
(12:28:51.617) [core]: Cannot write to file "output.pmf" (File too large)
(12:28:53.889) [core]: Cannot write to file "output.pmf" (File too large)
(12:28:56.166) [core]: Cannot write to file "output.pmf" (File too large)
(12:28:58.387) [core]: Cannot write to file "output.pmf" (File too large)
(12:29:00.602) [core]: Cannot write to file "output.pmf" (File too large)
(12:29:02.854) [core]: Cannot write to file "output.pmf" (File too large)
(12:29:05.069) [core]: Cannot write to file "output.pmf" (File too large)
(12:29:07.285) [core]: Cannot write to file "output.pmf" (File too large)
(12:29:09.506) [core]: Cannot write to file "output.pmf" (File too large)
(12:29:11.732) [core]: Cannot write to file "output.pmf" (File too large)
(12:29:13.950) [core]: Cannot write to file "output.pmf" (File too large)
(12:29:16.170) [core]: Cannot write to file "output.pmf" (File too large)
(12:29:18.392) [core]: Cannot write to file "output.pmf" (File too large)
(12:29:20.614) [core]: Cannot write to file "output.pmf" (File too large)
(12:29:22.832) [core]: Cannot write to file "output.pmf" (File too large)
(12:29:25.052) [core]: Cannot write to file "output.pmf" (File too large)
(12:29:27.274) [core]: Cannot write to file "output.pmf" (File too large)
(12:29:29.495) [core]: Cannot write to file "output.pmf" (File too large)
(12:29:31.721) [core]: Cannot write to file "output.pmf" (File too large)
(12:29:33.941) [core]: Cannot write to file "output.pmf" (File too large)
(12:29:36.165) [core]: Cannot write to file "output.pmf" (File too large)
(12:29:38.385) [core]: Cannot write to file "output.pmf" (File too large)
(12:29:40.604) [core]: Cannot write to file "output.pmf" (File too large)
(12:29:42.827) [core]: Cannot write to file "output.pmf" (File too large)
(12:29:45.044) [core]: Cannot write to file "output.pmf" (File too large)
(12:29:47.265) [core]: Cannot write to file "output.pmf" (File too large)
(12:29:49.490) [core]: Cannot write to file "output.pmf" (File too large)
(12:29:51.713) [core]: Cannot write to file "output.pmf" (File too large)
(12:29:53.933) [core]: Cannot write to file "output.pmf" (File too large)
(12:29:56.154) [core]: Cannot write to file "output.pmf" (File too large)
(12:29:58.376) [core]: Cannot write to file "output.pmf" (File too large)
(12:30:00.599) [core]: Cannot write to file "output.pmf" (File too large)
(12:30:02.821) [core]: Cannot write to file "output.pmf" (File too large)
(12:30:05.041) [core]: Cannot write to file "output.pmf" (File too large)
(12:30:07.263) [core]: Cannot write to file "output.pmf" (File too large)
(12:30:09.484) [core]: Cannot write to file "output.pmf" (File too large)
(12:30:11.707) [core]: Cannot write to file "output.pmf" (File too large)
(12:30:13.926) [core]: Cannot write to file "output.pmf" (File too large)
(12:30:16.143) [core]: Cannot write to file "output.pmf" (File too large)
(12:30:18.368) [core]: Cannot write to file "output.pmf" (File too large)
(12:30:20.590) [core]: Cannot write to file "output.pmf" (File too large)
(12:30:22.812) [core]: Cannot write to file "output.pmf" (File too large)
(12:30:25.030) [core]: Cannot write to file "output.pmf" (File too large)
(12:30:27.251) [core]: Cannot write to file "output.pmf" (File too large)
(12:30:29.471) [core]: Cannot write to file "output.pmf" (File too large)
(12:30:31.693) [core]: Cannot write to file "output.pmf" (File too large)
(12:30:33.915) [core]: Cannot write to file "output.pmf" (File too large)
(12:30:36.132) [core]: Cannot write to file "output.pmf" (File too large)
(12:30:38.353) [core]: Cannot write to file "output.pmf" (File too large)
(12:30:40.569) [core]: Cannot write to file "output.pmf" (File too large)
(12:30:42.785) [core]: Cannot write to file "output.pmf" (File too large)
(12:30:45.001) [core]: Cannot write to file "output.pmf" (File too large)
(12:30:47.217) [core]: Cannot write to file "output.pmf" (File too large)
(12:30:49.435) [core]: Cannot write to file "output.pmf" (File too large)
(12:30:51.652) [core]: Cannot write to file "output.pmf" (File too large)
(12:30:53.868) [core]: Cannot write to file "output.pmf" (File too large)
(12:30:56.081) [core]: Cannot write to file "output.pmf" (File too large)
(12:30:58.297) [core]: Cannot write to file "output.pmf" (File too large)
(12:31:00.513) [core]: Cannot write to file "output.pmf" (File too large)
(12:31:02.729) [core]: Cannot write to file "output.pmf" (File too large)
(12:31:04.945) [core]: Cannot write to file "output.pmf" (File too large)
(12:31:07.157) [core]: Cannot write to file "output.pmf" (File too large)
(12:31:09.374) [core]: Cannot write to file "output.pmf" (File too large)
(12:31:11.593) [core]: Cannot write to file "output.pmf" (File too large)
(12:31:13.811) [core]: Cannot write to file "output.pmf" (File too large)
(12:31:16.025) [core]: Cannot write to file "output.pmf" (File too large)
(12:31:18.241) [core]: Cannot write to file "output.pmf" (File too large)
(12:31:20.458) [core]: Cannot write to file "output.pmf" (File too large)
(12:31:22.675) [core]: Cannot write to file "output.pmf" (File too large)
(12:31:24.897) [core]: Cannot write to file "output.pmf" (File too large)
(12:31:27.115) [core]: Cannot write to file "output.pmf" (File too large)
(12:31:29.333) [core]: Cannot write to file "output.pmf" (File too large)
(12:31:31.551) [core]: Cannot write to file "output.pmf" (File too large)
(12:31:33.767) [core]: Cannot write to file "output.pmf" (File too large)
(12:31:35.984) [core]: Cannot write to file "output.pmf" (File too large)
(12:31:38.200) [core]: Cannot write to file "output.pmf" (File too large)
(12:31:40.414) [core]: Cannot write to file "output.pmf" (File too large)
(12:31:42.630) [core]: Cannot write to file "output.pmf" (File too large)
(12:31:44.844) [core]: Cannot write to file "output.pmf" (File too large)
(12:31:47.059) [core]: Cannot write to file "output.pmf" (File too large)
(12:31:49.276) [core]: Cannot write to file "output.pmf" (File too large)
(12:31:51.497) [core]: Cannot write to file "output.pmf" (File too large)
(12:31:53.719) [core]: Cannot write to file "output.pmf" (File too large)
(12:31:55.935) [core]: Cannot write to file "output.pmf" (File too large)
(12:31:58.149) [core]: Cannot write to file "output.pmf" (File too large)
(12:32:00.368) [core]: Cannot write to file "output.pmf" (File too large)
(12:32:02.588) [core]: Cannot write to file "output.pmf" (File too large)
(12:32:04.810) [core]: Cannot write to file "output.pmf" (File too large)
(12:32:07.028) [core]: Cannot write to file "output.pmf" (File too large)
(12:32:09.249) [core]: Cannot write to file "output.pmf" (File too large)
(12:32:11.465) [core]: Cannot write to file "output.pmf" (File too large)
(12:32:13.681) [core]: Cannot write to file "output.pmf" (File too large)
(12:32:15.902) [core]: Cannot write to file "output.pmf" (File too large)
(12:32:18.117) [core]: Cannot write to file "output.pmf" (File too large)
(12:32:20.331) [core]: Cannot write to file "output.pmf" (File too large)
(12:32:22.553) [core]: Cannot write to file "output.pmf" (File too large)
(12:32:24.775) [core]: Cannot write to file "output.pmf" (File too large)
(12:32:26.988) [core]: Cannot write to file "output.pmf" (File too large)
(12:32:29.200) [core]: Cannot write to file "output.pmf" (File too large)
(12:32:31.416) [core]: Cannot write to file "output.pmf" (File too large)
(12:32:33.631) [core]: Cannot write to file "output.pmf" (File too large)
(12:32:35.852) [core]: Cannot write to file "output.pmf" (File too large)
(12:32:38.068) [core]: Cannot write to file "output.pmf" (File too large)
(12:32:40.290) [core]: Cannot write to file "output.pmf" (File too large)
(12:32:42.506) [core]: Cannot write to file "output.pmf" (File too large)
(12:32:44.723) [core]: Cannot write to file "output.pmf" (File too large)
(12:32:46.939) [core]: Cannot write to file "output.pmf" (File too large)
(12:32:49.153) [core]: Cannot write to file "output.pmf" (File too large)
(12:32:51.374) [core]: Cannot write to file "output.pmf" (File too large)
(12:32:53.591) [core]: Cannot write to file "output.pmf" (File too large)
(12:32:55.809) [core]: Cannot write to file "output.pmf" (File too large)
(12:32:58.024) [core]: Cannot write to file "output.pmf" (File too large)
(12:33:00.240) [core]: Cannot write to file "output.pmf" (File too large)
(12:33:02.458) [core]: Cannot write to file "output.pmf" (File too large)
(12:33:04.678) [core]: Cannot write to file "output.pmf" (File too large)
(12:33:06.900) [core]: Cannot write to file "output.pmf" (File too large)
(12:33:09.119) [core]: Cannot write to file "output.pmf" (File too large)
(12:33:11.343) [core]: Cannot write to file "output.pmf" (File too large)
(12:33:13.562) [core]: Cannot write to file "output.pmf" (File too large)
(12:33:15.778) [core]: Cannot write to file "output.pmf" (File too large)
(12:33:17.990) [core]: Cannot write to file "output.pmf" (File too large)
(12:33:20.203) [core]: Cannot write to file "output.pmf" (File too large)
(12:33:22.417) [core]: Cannot write to file "output.pmf" (File too large)
(12:33:24.631) [core]: Cannot write to file "output.pmf" (File too large)
(12:33:26.848) [core]: Cannot write to file "output.pmf" (File too large)
(12:33:29.064) [core]: Cannot write to file "output.pmf" (File too large)
(12:33:31.282) [core]: Cannot write to file "output.pmf" (File too large)
(12:33:33.496) [core]: Cannot write to file "output.pmf" (File too large)
(12:33:35.719) [core]: Cannot write to file "output.pmf" (File too large)
(12:33:37.938) [core]: Cannot write to file "output.pmf" (File too large)
(12:33:40.154) [core]: Cannot write to file "output.pmf" (File too large)
(12:33:42.371) [core]: Cannot write to file "output.pmf" (File too large)
(12:33:44.587) [core]: Cannot write to file "output.pmf" (File too large)
(12:33:46.804) [core]: Cannot write to file "output.pmf" (File too large)
(12:33:49.022) [core]: Cannot write to file "output.pmf" (File too large)
(12:33:51.238) [core]: Cannot write to file "output.pmf" (File too large)
(12:33:53.455) [core]: Cannot write to file "output.pmf" (File too large)
(12:33:55.672) [core]: Cannot write to file "output.pmf" (File too large)
(12:33:57.891) [core]: Cannot write to file "output.pmf" (File too large)
(12:34:00.167) [core]: Cannot write to file "output.pmf" (File too large)
(12:34:02.384) [core]: Cannot write to file "output.pmf" (File too large)
(12:34:04.604) [core]: Cannot write to file "output.pmf" (File too large)
(12:34:06.823) [core]: Cannot write to file "output.pmf" (File too large)
(12:34:09.040) [core]: Cannot write to file "output.pmf" (File too large)
(12:34:11.258) [core]: Cannot write to file "output.pmf" (File too large)
(12:34:13.476) [core]: Cannot write to file "output.pmf" (File too large)
(12:34:15.697) [core]: Cannot write to file "output.pmf" (File too large)
(12:34:17.918) [core]: Cannot write to file "output.pmf" (File too large)
(12:34:20.141) [core]: Cannot write to file "output.pmf" (File too large)
(12:34:22.356) [core]: Cannot write to file "output.pmf" (File too large)
(12:34:24.570) [core]: Cannot write to file "output.pmf" (File too large)
(12:34:26.786) [core]: Cannot write to file "output.pmf" (File too large)
(12:34:29.002) [core]: Cannot write to file "output.pmf" (File too large)
(12:34:31.221) [core]: Cannot write to file "output.pmf" (File too large)
(12:34:33.442) [core]: Cannot write to file "output.pmf" (File too large)
(12:34:35.666) [core]: Cannot write to file "output.pmf" (File too large)
(12:34:37.889) [core]: Cannot write to file "output.pmf" (File too large)
(12:34:40.111) [core]: Cannot write to file "output.pmf" (File too large)
(12:34:42.327) [core]: Cannot write to file "output.pmf" (File too large)
(12:34:44.545) [core]: Cannot write to file "output.pmf" (File too large)
(12:34:46.761) [core]: Cannot write to file "output.pmf" (File too large)
(12:34:48.982) [core]: Cannot write to file "output.pmf" (File too large)
(12:34:51.199) [core]: Cannot write to file "output.pmf" (File too large)
(12:34:53.416) [core]: Cannot write to file "output.pmf" (File too large)
(12:34:55.632) [core]: Cannot write to file "output.pmf" (File too large)
(12:34:57.855) [core]: Cannot write to file "output.pmf" (File too large)
(12:35:00.068) [core]: Cannot write to file "output.pmf" (File too large)
(12:35:02.284) [core]: Cannot write to file "output.pmf" (File too large)
(12:35:04.505) [core]: Cannot write to file "output.pmf" (File too large)
(12:35:06.724) [core]: Cannot write to file "output.pmf" (File too large)
(12:35:08.940) [core]: Cannot write to file "output.pmf" (File too large)
(12:35:11.154) [core]: Cannot write to file "output.pmf" (File too large)
(12:35:13.372) [core]: Cannot write to file "output.pmf" (File too large)
(12:35:15.589) [core]: Cannot write to file "output.pmf" (File too large)
(12:35:17.805) [core]: Cannot write to file "output.pmf" (File too large)
(12:35:20.025) [core]: Cannot write to file "output.pmf" (File too large)
(12:35:22.241) [core]: Cannot write to file "output.pmf" (File too large)
(12:35:24.462) [core]: Cannot write to file "output.pmf" (File too large)
(12:35:26.680) [core]: Cannot write to file "output.pmf" (File too large)
(12:35:28.895) [core]: Cannot write to file "output.pmf" (File too large)
(12:35:31.110) [core]: Cannot write to file "output.pmf" (File too large)
(12:35:33.327) [core]: Cannot write to file "output.pmf" (File too large)
(12:35:35.543) [core]: Cannot write to file "output.pmf" (File too large)
(12:35:37.761) [core]: Cannot write to file "output.pmf" (File too large)
(12:35:39.983) [core]: Cannot write to file "output.pmf" (File too large)
(12:35:42.197) [core]: Cannot write to file "output.pmf" (File too large)
(12:35:44.413) [core]: Cannot write to file "output.pmf" (File too large)
(12:35:46.628) [core]: Cannot write to file "output.pmf" (File too large)
(12:35:48.897) [core]: Cannot write to file "output.pmf" (File too large)
(12:35:51.110) [core]: Cannot write to file "output.pmf" (File too large)
(12:35:53.327) [core]: Cannot write to file "output.pmf" (File too large)
(12:35:55.543) [core]: Cannot write to file "output.pmf" (File too large)
(12:35:57.760) [core]: Cannot write to file "output.pmf" (File too large)
(12:35:59.975) [core]: Cannot write to file "output.pmf" (File too large)
(12:36:02.188) [core]: Cannot write to file "output.pmf" (File too large)
(12:36:04.403) [core]: Cannot write to file "output.pmf" (File too large)
(12:36:06.619) [core]: Cannot write to file "output.pmf" (File too large)
(12:36:08.841) [core]: Cannot write to file "output.pmf" (File too large)
(12:36:11.061) [core]: Cannot write to file "output.pmf" (File too large)
(12:36:13.287) [core]: Cannot write to file "output.pmf" (File too large)
(12:36:15.508) [core]: Cannot write to file "output.pmf" (File too large)
(12:36:17.727) [core]: Cannot write to file "output.pmf" (File too large)
(12:36:19.944) [core]: Cannot write to file "output.pmf" (File too large)
(12:36:22.158) [core]: Cannot write to file "output.pmf" (File too large)
(12:36:24.373) [core]: Cannot write to file "output.pmf" (File too large)
(12:36:26.588) [core]: Cannot write to file "output.pmf" (File too large)
(12:36:28.810) [core]: Cannot write to file "output.pmf" (File too large)
(12:36:31.030) [core]: Cannot write to file "output.pmf" (File too large)
(12:36:33.250) [core]: Cannot write to file "output.pmf" (File too large)
(12:36:35.473) [core]: Cannot write to file "output.pmf" (File too large)
(12:36:37.694) [core]: Cannot write to file "output.pmf" (File too large)
(12:36:39.915) [core]: Cannot write to file "output.pmf" (File too large)
(12:36:42.135) [core]: Cannot write to file "output.pmf" (File too large)
(12:36:44.355) [core]: Cannot write to file "output.pmf" (File too large)
(12:36:46.575) [core]: Cannot write to file "output.pmf" (File too large)
(12:36:48.791) [core]: Cannot write to file "output.pmf" (File too large)
(12:36:51.007) [core]: Cannot write to file "output.pmf" (File too large)
(12:36:53.222) [core]: Cannot write to file "output.pmf" (File too large)
(12:36:55.444) [core]: Cannot write to file "output.pmf" (File too large)
(12:36:57.661) [core]: Cannot write to file "output.pmf" (File too large)
(12:36:59.878) [core]: Cannot write to file "output.pmf" (File too large)
(12:37:02.097) [core]: Cannot write to file "output.pmf" (File too large)
(12:37:04.319) [core]: Cannot write to file "output.pmf" (File too large)
(12:37:06.542) [core]: Cannot write to file "output.pmf" (File too large)
(12:37:08.759) [core]: Cannot write to file "output.pmf" (File too large)
(12:37:10.978) [core]: Cannot write to file "output.pmf" (File too large)
(12:37:13.190) [core]: Cannot write to file "output.pmf" (File too large)
(12:37:15.407) [core]: Cannot write to file "output.pmf" (File too large)
(12:37:17.624) [core]: Cannot write to file "output.pmf" (File too large)
(12:37:19.846) [core]: Cannot write to file "output.pmf" (File too large)
(12:37:22.067) [core]: Cannot write to file "output.pmf" (File too large)
(12:37:24.289) [core]: Cannot write to file "output.pmf" (File too large)
(12:37:26.512) [core]: Cannot write to file "output.pmf" (File too large)
(12:37:28.735) [core]: Cannot write to file "output.pmf" (File too large)
(12:37:30.952) [core]: Cannot write to file "output.pmf" (File too large)
(12:37:33.164) [core]: Cannot write to file "output.pmf" (File too large)
(12:37:35.384) [core]: Cannot write to file "output.pmf" (File too large)
(12:37:37.599) [core]: Cannot write to file "output.pmf" (File too large)
(12:37:39.814) [core]: Cannot write to file "output.pmf" (File too large)
(12:37:42.028) [core]: Cannot write to file "output.pmf" (File too large)
(12:37:44.244) [core]: Cannot write to file "output.pmf" (File too large)
(12:37:46.464) [core]: Cannot write to file "output.pmf" (File too large)
(12:37:48.686) [core]: Cannot write to file "output.pmf" (File too large)
(12:37:50.911) [core]: Cannot write to file "output.pmf" (File too large)
(12:37:53.130) [core]: Cannot write to file "output.pmf" (File too large)
(12:37:55.350) [core]: Cannot write to file "output.pmf" (File too large)
(12:37:57.572) [core]: Cannot write to file "output.pmf" (File too large)
(12:37:59.790) [core]: Cannot write to file "output.pmf" (File too large)
(12:38:02.028) [core]: Cannot write to file "output.pmf" (File too large)
(12:38:04.250) [core]: Cannot write to file "output.pmf" (File too large)
(12:38:06.466) [core]: Cannot write to file "output.pmf" (File too large)
(12:38:08.686) [core]: Cannot write to file "output.pmf" (File too large)
(12:38:10.906) [core]: Cannot write to file "output.pmf" (File too large)
(12:38:13.125) [core]: Cannot write to file "output.pmf" (File too large)
(12:38:15.348) [core]: Cannot write to file "output.pmf" (File too large)
(12:38:17.565) [core]: Cannot write to file "output.pmf" (File too large)
(12:38:19.781) [core]: Cannot write to file "output.pmf" (File too large)
(12:38:21.997) [core]: Cannot write to file "output.pmf" (File too large)
(12:38:24.211) [core]: Cannot write to file "output.pmf" (File too large)
(12:38:26.434) [core]: Cannot write to file "output.pmf" (File too large)
(12:38:28.654) [core]: Cannot write to file "output.pmf" (File too large)
(12:38:30.912) [core]: Cannot write to file "output.pmf" (File too large)
(12:38:33.128) [core]: Cannot write to file "output.pmf" (File too large)
(12:38:35.344) [core]: Cannot write to file "output.pmf" (File too large)
(12:38:37.559) [core]: Cannot write to file "output.pmf" (File too large)
(12:38:39.779) [core]: Cannot write to file "output.pmf" (File too large)
(12:38:41.999) [core]: Cannot write to file "output.pmf" (File too large)
(12:38:44.221) [core]: Cannot write to file "output.pmf" (File too large)
(12:38:46.436) [core]: Cannot write to file "output.pmf" (File too large)
(12:38:48.651) [core]: Cannot write to file "output.pmf" (File too large)
(12:38:50.925) [core]: Cannot write to file "output.pmf" (File too large)
(12:38:53.149) [core]: Cannot write to file "output.pmf" (File too large)
(12:38:55.383) [core]: Cannot write to file "output.pmf" (File too large)
(12:38:57.605) [core]: Cannot write to file "output.pmf" (File too large)
(12:38:59.819) [core]: Cannot write to file "output.pmf" (File too large)
(12:39:02.044) [core]: Cannot write to file "output.pmf" (File too large)
(12:39:04.264) [core]: Cannot write to file "output.pmf" (File too large)
(12:39:06.485) [core]: Cannot write to file "output.pmf" (File too large)
(12:39:08.708) [core]: Cannot write to file "output.pmf" (File too large)
(12:39:10.925) [core]: Cannot write to file "output.pmf" (File too large)
(12:39:13.146) [core]: Cannot write to file "output.pmf" (File too large)
(12:39:15.367) [core]: Cannot write to file "output.pmf" (File too large)
(12:39:17.590) [core]: Cannot write to file "output.pmf" (File too large)
(12:39:19.810) [core]: Cannot write to file "output.pmf" (File too large)
(12:39:22.031) [core]: Cannot write to file "output.pmf" (File too large)
(12:39:24.257) [core]: Cannot write to file "output.pmf" (File too large)
(12:39:26.477) [core]: Cannot write to file "output.pmf" (File too large)
(12:39:28.704) [core]: Cannot write to file "output.pmf" (File too large)
(12:39:30.925) [core]: Cannot write to file "output.pmf" (File too large)
(12:39:33.144) [core]: Cannot write to file "output.pmf" (File too large)
(12:39:35.367) [core]: Cannot write to file "output.pmf" (File too large)
(12:39:37.587) [core]: Cannot write to file "output.pmf" (File too large)
(12:39:39.809) [core]: Cannot write to file "output.pmf" (File too large)
(12:39:42.030) [core]: Cannot write to file "output.pmf" (File too large)
(12:39:44.250) [core]: Cannot write to file "output.pmf" (File too large)
(12:39:46.473) [core]: Cannot write to file "output.pmf" (File too large)
(12:39:48.694) [core]: Cannot write to file "output.pmf" (File too large)
(12:39:50.915) [core]: Cannot write to file "output.pmf" (File too large)
(12:39:53.136) [core]: Cannot write to file "output.pmf" (File too large)
(12:39:55.359) [core]: Cannot write to file "output.pmf" (File too large)
(12:39:57.581) [core]: Cannot write to file "output.pmf" (File too large)
(12:39:59.804) [core]: Cannot write to file "output.pmf" (File too large)
(12:40:02.028) [core]: Cannot write to file "output.pmf" (File too large)
(12:40:04.248) [core]: Cannot write to file "output.pmf" (File too large)
(12:40:06.467) [core]: Cannot write to file "output.pmf" (File too large)
(12:40:08.688) [core]: Cannot write to file "output.pmf" (File too large)
(12:40:10.908) [core]: Cannot write to file "output.pmf" (File too large)
(12:40:13.126) [core]: Cannot write to file "output.pmf" (File too large)
(12:40:15.347) [core]: Cannot write to file "output.pmf" (File too large)
(12:40:17.567) [core]: Cannot write to file "output.pmf" (File too large)
(12:40:19.789) [core]: Cannot write to file "output.pmf" (File too large)
(12:40:22.010) [core]: Cannot write to file "output.pmf" (File too large)
(12:40:24.232) [core]: Cannot write to file "output.pmf" (File too large)
(12:40:26.455) [core]: Cannot write to file "output.pmf" (File too large)
(12:40:28.676) [core]: Cannot write to file "output.pmf" (File too large)
(12:40:30.895) [core]: Cannot write to file "output.pmf" (File too large)
(12:40:33.114) [core]: Cannot write to file "output.pmf" (File too large)
(12:40:35.332) [core]: Cannot write to file "output.pmf" (File too large)
(12:40:37.551) [core]: Cannot write to file "output.pmf" (File too large)
(12:40:39.773) [core]: Cannot write to file "output.pmf" (File too large)
(12:40:41.997) [core]: Cannot write to file "output.pmf" (File too large)
(12:40:44.217) [core]: Cannot write to file "output.pmf" (File too large)
(12:40:46.438) [core]: Cannot write to file "output.pmf" (File too large)
(12:40:48.659) [core]: Cannot write to file "output.pmf" (File too large)
(12:40:50.879) [core]: Cannot write to file "output.pmf" (File too large)
(12:40:53.103) [core]: Cannot write to file "output.pmf" (File too large)
(12:40:55.327) [core]: Cannot write to file "output.pmf" (File too large)
(12:40:57.546) [core]: Cannot write to file "output.pmf" (File too large)
(12:40:59.765) [core]: Cannot write to file "output.pmf" (File too large)
(12:41:01.988) [core]: Cannot write to file "output.pmf" (File too large)
(12:41:04.207) [core]: Cannot write to file "output.pmf" (File too large)
(12:41:06.428) [core]: Cannot write to file "output.pmf" (File too large)
(12:41:08.647) [core]: Cannot write to file "output.pmf" (File too large)
(12:41:10.909) [core]: Cannot write to file "output.pmf" (File too large)
(12:41:13.131) [core]: Cannot write to file "output.pmf" (File too large)
(12:41:15.350) [core]: Cannot write to file "output.pmf" (File too large)
(12:41:17.570) [core]: Cannot write to file "output.pmf" (File too large)
(12:41:19.786) [core]: Cannot write to file "output.pmf" (File too large)
(12:41:22.007) [core]: Cannot write to file "output.pmf" (File too large)
(12:41:24.228) [core]: Cannot write to file "output.pmf" (File too large)
(12:41:26.450) [core]: Cannot write to file "output.pmf" (File too large)
(12:41:28.667) [core]: Cannot write to file "output.pmf" (File too large)
(12:41:30.887) [core]: Cannot write to file "output.pmf" (File too large)
(12:41:33.104) [core]: Cannot write to file "output.pmf" (File too large)
(12:41:35.326) [core]: Cannot write to file "output.pmf" (File too large)
(12:41:37.556) [core]: Cannot write to file "output.pmf" (File too large)
(12:41:39.779) [core]: Cannot write to file "output.pmf" (File too large)
(12:41:42.000) [core]: Cannot write to file "output.pmf" (File too large)
(12:41:44.224) [core]: Cannot write to file "output.pmf" (File too large)
(12:41:46.445) [core]: Cannot write to file "output.pmf" (File too large)
(12:41:48.667) [core]: Cannot write to file "output.pmf" (File too large)
(12:41:50.888) [core]: Cannot write to file "output.pmf" (File too large)
(12:41:53.112) [core]: Cannot write to file "output.pmf" (File too large)
(12:41:55.331) [core]: Cannot write to file "output.pmf" (File too large)
(12:41:57.554) [core]: Cannot write to file "output.pmf" (File too large)
(12:41:59.778) [core]: Cannot write to file "output.pmf" (File too large)
(12:42:02.001) [core]: Cannot write to file "output.pmf" (File too large)
(12:42:04.223) [core]: Cannot write to file "output.pmf" (File too large)
(12:42:06.446) [core]: Cannot write to file "output.pmf" (File too large)
(12:42:08.672) [core]: Cannot write to file "output.pmf" (File too large)
(12:42:10.889) [core]: Cannot write to file "output.pmf" (File too large)
(12:42:13.109) [core]: Cannot write to file "output.pmf" (File too large)
