################# LOG OPENED (12:42:07.720) ###################### 
(12:42:07.726) [DBG]: CMD 01 (Test) >>>
(12:42:07.727) [DBG]: CMD 01 (Test) <<< 
(12:42:07.727) [DBG]: CMD 01 (Test) >>>
(12:42:07.729) [DBG]: CMD 01 (Test) <<< 
(12:42:07.729) [DBG]: CMD 02 (FwInfo) >>>
(12:42:07.731) [DBG]: CMD 02 (FwInfo) <<< 
(12:42:07.731) [DBG]: Received data:
   4d 69 6e 69 50 69 78 20 76 31 2e 32 20 28 31 38    |MiniPix.v1.2.(18   
   2e 30 32 2e 32 30 31 36 29 20 20 20 20 20          |.02.2016).....     
(12:42:07.731) [MSG]: Firmware is: MiniPix v1.2 (18.02.2016)     
(12:42:07.731) [DBG]: CMD 12 (GetSysFreq) >>>
(12:42:07.733) [DBG]: CMD 12 (GetSysFreq) <<< 
(12:42:07.733) [DBG]: Received data:
   48                                                 |H                  
(12:42:07.733) [DBG]: CMD 03 (ResetTpx) >>>
(12:42:07.735) [DBG]: CMD 03 (ResetTpx) <<< 
(12:42:07.735) [DBG]: CMD 05 (ChipCount) >>>
(12:42:07.737) [DBG]: CMD 05 (ChipCount) <<< 
(12:42:07.737) [DBG]: Received data:
   01                                                 |.                  
(12:42:07.737) [DBG]: CMD 06 (ReadFSR) >>>
(12:42:07.737) [DBG]: Sent data:
   00 21                                              |.!                 
(12:42:07.739) [DBG]: CMD 06 (ReadFSR) <<< 
(12:42:07.739) [DBG]: Received data:
   ff 00 00 00 00 00 16 f7 10 00 00 00 00 00 00 00    |................   
   00 00 00 00 00 00 00 00 00 00 00 00 00 00 00 00    |................   
   01                                                 |.                  
   Bytes: 33
(12:42:07.739) [DBG]: CMD 0E (SetTpxClock) >>>
(12:42:07.739) [DBG]: Sent data:
   98 96 80                                           |...                
(12:42:07.741) [DBG]: CMD 0E (SetTpxClock) <<< 
